[2025-09-24 11:15:01] [Server: 127.0.0.1]
{
    "title": "Iniciando procesamiento de cliente",
    "numPrestamo": "",
    "documento": "7400002",
    "memoria_inicio": "0.62432861328125 MB",
    "line": 109
}

[2025-09-24 11:20:53] [Server: 127.0.0.1]
{
    "title": "Iniciando procesamiento de cliente",
    "numPrestamo": "",
    "documento": "7400002",
    "memoria_inicio": "0.62432861328125 MB",
    "line": 109
}

[2025-09-24 11:30:29] [Server: 127.0.0.1]
{
    "title": "Iniciando procesamiento de cliente",
    "numPrestamo": "",
    "documento": "7400002",
    "memoria_inicio": "0.62432861328125 MB",
    "line": 109
}

[2025-09-24 11:31:00] [Server: 127.0.0.1]
{
    "title": "Iniciando procesamiento de cliente",
    "numPrestamo": "",
    "documento": "7400002",
    "memoria_inicio": "0.62432861328125 MB",
    "line": 109
}

[2025-09-24 11:32:05] [Server: 127.0.0.1]
{
    "title": "Iniciando procesamiento de cliente",
    "numPrestamo": "",
    "documento": "7400002",
    "memoria_inicio": "0.62432861328125 MB",
    "line": 109
}

[2025-09-24 11:32:40] [Server: 127.0.0.1]
{
    "title": "Iniciando procesamiento de cliente",
    "numPrestamo": "",
    "documento": "7400002",
    "memoria_inicio": "0.62432861328125 MB",
    "line": 109
}

[2025-09-24 11:33:28] [Server: 127.0.0.1]
{
    "title": "Iniciando procesamiento de cliente",
    "numPrestamo": "",
    "documento": "7400002",
    "memoria_inicio": "0.62896728515625 MB",
    "line": 109
}

[2025-09-24 11:33:59] [Server: 127.0.0.1]
{
    "title": "Iniciando procesamiento de cliente",
    "numPrestamo": "",
    "documento": "7400002",
    "memoria_inicio": "0.62896728515625 MB",
    "line": 109
}

[2025-09-24 11:38:09] [Server: 127.0.0.1]
{
    "title": "Iniciando procesamiento de cliente",
    "numPrestamo": "",
    "documento": "7400002",
    "memoria_inicio": "0.62896728515625 MB",
    "line": 109
}

[2025-09-24 11:38:24] [Server: 127.0.0.1]
{
    "title": "Iniciando procesamiento de cliente",
    "numPrestamo": "",
    "documento": "7400002",
    "memoria_inicio": "0.62896728515625 MB",
    "line": 109
}

[2025-09-24 11:39:03] [Server: 127.0.0.1]
{
    "title": "Iniciando procesamiento de cliente",
    "numPrestamo": "",
    "documento": "7400002",
    "memoria_inicio": "0.62896728515625 MB",
    "line": 109
}

[2025-09-24 11:41:33] [Server: 127.0.0.1]
{
    "title": "Iniciando procesamiento de cliente",
    "numPrestamo": "",
    "documento": "7400002",
    "memoria_inicio": "0.62886047363281 MB",
    "line": 109
}

[2025-09-24 11:42:39] [Server: 127.0.0.1]
{
    "title": "Iniciando procesamiento de cliente",
    "numPrestamo": "",
    "documento": "7400002",
    "memoria_inicio": "0.66535949707031 MB",
    "line": 109
}

"numPrestamo  en 15.193 segundos"
--------------------------------------------------------------------------------
[2025-09-24 11:43:52] [Server: 127.0.0.1]
{
    "title": "Iniciando procesamiento de cliente",
    "numPrestamo": "",
    "documento": "7400002",
    "memoria_inicio": "0.6654052734375 MB",
    "line": 109
}

"numPrestamo  en 9.108 segundos"
--------------------------------------------------------------------------------
[2025-09-24 11:54:39] [Server: 127.0.0.1]
Prestamo ID: 9009
{
    "title": "Iniciando procesamiento de cliente",
    "numPrestamo": "9009",
    "documento": "7400003",
    "memoria_inicio": "0.66539001464844 MB",
    "line": 109
}

[2025-09-24 11:54:43] [Server: 127.0.0.1]
Error Type: Services_Not_Found
Prestamo ID: 9009
{
    "error_type": "Services_Not_Found",
    "error_message": "No se encontraron servicios para el plan PPCE0141 y canal C001",
    "cod_plan": "PPCE0141",
    "canal": "C001",
    "numPrestamo": "9009",
    "query": "SELECT * FROM planes_ov WHERE cod_plan = 'PPCE0141' AND canal = 'C001'"
}

[2025-09-24 11:54:43] [Server: 127.0.0.1]
Error Type: Datos de servicio incompletos
Prestamo ID: 9009
{
    "error_type": "Datos de servicio incompletos",
    "error_message": "Datos de servicio incompletos para el plan PPCE0141",
    "numPrestamo": "9009",
    "servicios_data": []
}

[2025-09-24 12:05:06] [Server: 127.0.0.1]
{
    "title": "Iniciando procesamiento de cliente",
    "numPrestamo": "",
    "documento": "7400003",
    "memoria_inicio": "0.66532897949219 MB",
    "line": 109
}

"numPrestamo  en 9.335 segundos"
--------------------------------------------------------------------------------
[2025-09-24 12:08:08] [Server: 127.0.0.1]
{
    "title": "Iniciando procesamiento de cliente",
    "numPrestamo": "",
    "documento": "7400004",
    "memoria_inicio": "0.66532897949219 MB",
    "line": 109
}

"numPrestamo  en 9.738 segundos"
--------------------------------------------------------------------------------
[2025-09-24 12:12:39] [Server: 127.0.0.1]
Prestamo ID: 100011001
{
    "title": "Iniciando procesamiento de cliente",
    "numPrestamo": "100011001",
    "documento": "7400005",
    "memoria_inicio": "0.66539764404297 MB",
    "line": 109
}

[2025-09-24 12:12:42] [Server: 127.0.0.1]
Error Type: Services_Not_Found
Prestamo ID: 100011001
{
    "error_type": "Services_Not_Found",
    "error_message": "No se encontraron servicios para el plan PPCE0141 y canal C001",
    "cod_plan": "PPCE0141",
    "canal": "C001",
    "numPrestamo": "100011001",
    "query": "SELECT * FROM planes_ov WHERE cod_plan = 'PPCE0141' AND canal = 'C001'"
}

[2025-09-24 12:12:42] [Server: 127.0.0.1]
Error Type: Datos de servicio incompletos
Prestamo ID: 100011001
{
    "error_type": "Datos de servicio incompletos",
    "error_message": "Datos de servicio incompletos para el plan PPCE0141",
    "numPrestamo": "100011001",
    "servicios_data": []
}

[2025-09-24 12:13:45] [Server: 127.0.0.1]
Prestamo ID: 100011001
{
    "title": "Iniciando procesamiento de cliente",
    "numPrestamo": "100011001",
    "documento": "7400005",
    "memoria_inicio": "0.66543579101562 MB",
    "line": 109
}

"numPrestamo 100011001 en 9.208 segundos"
--------------------------------------------------------------------------------
[2025-09-24 12:17:05] [Server: 127.0.0.1]
Prestamo ID: 1010101
{
    "title": "Iniciando procesamiento de cliente",
    "numPrestamo": "1010101",
    "documento": "7400006",
    "memoria_inicio": "0.66539001464844 MB",
    "line": 109
}

"numPrestamo 1010101 en 8.694 segundos"
--------------------------------------------------------------------------------
[2025-09-24 12:33:10] [Server: 127.0.0.1]
{
    "title": "Iniciando procesamiento de cliente",
    "numPrestamo": "",
    "documento": "7400007",
    "memoria_inicio": "0.66541290283203 MB",
    "line": 109
}

"numPrestamo  en 9.356 segundos"
--------------------------------------------------------------------------------
[2025-09-24 12:33:30] [Server: 127.0.0.1]
Prestamo ID: Banco sol - 101
{
    "title": "Iniciando procesamiento de cliente",
    "numPrestamo": "Banco sol - 101",
    "documento": "7400008",
    "memoria_inicio": "0.66548919677734 MB",
    "line": 109
}

"numPrestamo Banco sol - 101 en 8.531 segundos"
--------------------------------------------------------------------------------
[2025-09-24 12:35:00] [Server: 127.0.0.1]
Prestamo ID: Banco sol - 101
{
    "title": "Iniciando procesamiento de cliente",
    "numPrestamo": "Banco sol - 101",
    "documento": "7400008",
    "memoria_inicio": "0.66559600830078 MB",
    "line": 109
}

[2025-09-24 12:35:54] [Server: 127.0.0.1]
Prestamo ID: Banco sol - 101
{
    "title": "Iniciando procesamiento de cliente",
    "numPrestamo": "Banco sol - 101",
    "documento": "7400008",
    "memoria_inicio": "0.66563415527344 MB",
    "line": 109
}

[2025-09-24 12:36:34] [Server: 127.0.0.1]
Prestamo ID: Banco sol - 101
{
    "title": "Iniciando procesamiento de cliente",
    "numPrestamo": "Banco sol - 101",
    "documento": "7400008",
    "memoria_inicio": "0.66563415527344 MB",
    "line": 109
}

[2025-09-24 12:40:20] [Server: 127.0.0.1]
Prestamo ID: Banco sol - 101
{
    "title": "Iniciando procesamiento de cliente",
    "numPrestamo": "Banco sol - 101",
    "documento": "7400008",
    "memoria_inicio": "0.66560363769531 MB",
    "line": 109
}

[2025-09-24 12:42:56] [Server: 127.0.0.1]
Prestamo ID: Banco sol - 101
{
    "title": "Iniciando procesamiento de cliente",
    "numPrestamo": "Banco sol - 101",
    "documento": "7400008",
    "memoria_inicio": "0.66563415527344 MB",
    "line": 109
}

[2025-09-24 12:43:35] [Server: 127.0.0.1]
Prestamo ID: Banco sol - 101
{
    "title": "Iniciando procesamiento de cliente",
    "numPrestamo": "Banco sol - 101",
    "documento": "7400008",
    "memoria_inicio": "0.66560363769531 MB",
    "line": 109
}

[2025-09-24 12:44:02] [Server: 127.0.0.1]
Prestamo ID: Banco sol - 101
{
    "title": "Iniciando procesamiento de cliente",
    "numPrestamo": "Banco sol - 101",
    "documento": "7400008",
    "memoria_inicio": "0.66560363769531 MB",
    "line": 109
}

[2025-09-24 12:45:08] [Server: 127.0.0.1]
Prestamo ID: Banco sol - 101
{
    "title": "Iniciando procesamiento de cliente",
    "numPrestamo": "Banco sol - 101",
    "documento": "7400008",
    "memoria_inicio": "0.66560363769531 MB",
    "line": 110
}

[2025-09-24 12:58:45] [Server: 127.0.0.1]
Prestamo ID: Banco sol - 101
{
    "title": "Iniciando procesamiento de cliente",
    "numPrestamo": "Banco sol - 101",
    "documento": "7400008",
    "memoria_inicio": "0.665771484375 MB",
    "line": 110
}

[2025-09-24 13:03:08] [Server: 127.0.0.1]
Prestamo ID: banco sol-102
{
    "title": "Iniciando procesamiento de cliente",
    "numPrestamo": "banco sol-102",
    "documento": "7400010",
    "memoria_inicio": "0.66561126708984 MB",
    "line": 110
}

"numPrestamo banco sol-102 en 10.770 segundos"
--------------------------------------------------------------------------------
[2025-09-24 13:15:58] [Server: 127.0.0.1]
Prestamo ID: banco sol-102
{
    "title": "Iniciando procesamiento de cliente",
    "numPrestamo": "banco sol-102",
    "documento": "7400010",
    "memoria_inicio": "0.66573333740234 MB",
    "line": 110
}

[2025-09-24 14:17:16] [Server: 127.0.0.1]
{
    "title": "Iniciando procesamiento de cliente",
    "numPrestamo": "",
    "documento": "7400011",
    "memoria_inicio": "0.66558074951172 MB",
    "line": 110
}

[2025-09-24 14:19:04] [Server: 127.0.0.1]
{
    "title": "Iniciando procesamiento de cliente",
    "numPrestamo": "",
    "documento": "7400011",
    "memoria_inicio": "0.66565704345703 MB",
    "line": 110
}

"numPrestamo  en 11.511 segundos"
--------------------------------------------------------------------------------
[2025-09-24 16:07:17] [Server: 127.0.0.1]
{
    "mensaje": "No hay registros para procesar",
    "line": 17
}

[2025-09-24 16:08:56] [Server: 127.0.0.1]
Prestamo ID: BANCOSOL-001
{
    "title": "Iniciando procesamiento de cliente",
    "numPrestamo": "BANCOSOL-001",
    "documento": "33355577",
    "memoria_inicio": "0.66569519042969 MB",
    "line": 110
}

"numPrestamo BANCOSOL-001 en 21.813 segundos"
--------------------------------------------------------------------------------
[2025-09-24 17:06:24] [Server: 127.0.0.1]
Prestamo ID: BANCOSOL-0101
{
    "title": "Iniciando procesamiento de cliente",
    "numPrestamo": "BANCOSOL-0101",
    "documento": "7400012",
    "memoria_inicio": "0.66896820068359 MB",
    "line": 110
}

"numPrestamo BANCOSOL-0101 en 13.814 segundos"
--------------------------------------------------------------------------------
[2025-09-24 17:06:37] [Server: 127.0.0.1]
Prestamo ID: Banco Sol-102
{
    "title": "Iniciando procesamiento de cliente",
    "numPrestamo": "Banco Sol-102",
    "documento": "9846655",
    "memoria_inicio": "0.70330810546875 MB",
    "line": 110
}

"numPrestamo Banco Sol-102 en 6.747 segundos"
--------------------------------------------------------------------------------
[2025-09-24 17:08:04] [Server: 127.0.0.1]
{
    "mensaje": "No hay registros para procesar",
    "line": 17
}

[2025-09-24 17:14:27] [Server: 127.0.0.1]
Prestamo ID: Banco Sol-102
{
    "title": "Iniciando procesamiento de cliente",
    "numPrestamo": "Banco Sol-102",
    "documento": "9846655",
    "memoria_inicio": "0.66569519042969 MB",
    "line": 110
}

[2025-09-24 17:14:40] [Server: 127.0.0.1]
Prestamo ID: Banco Sol-102
{
    "title": "Iniciando procesamiento de cliente",
    "numPrestamo": "Banco Sol-102",
    "documento": "9846655",
    "memoria_inicio": "0.66569519042969 MB",
    "line": 110
}

[2025-09-24 17:15:36] [Server: 127.0.0.1]
Prestamo ID: Banco Sol-102
{
    "title": "Iniciando procesamiento de cliente",
    "numPrestamo": "Banco Sol-102",
    "documento": "9846655",
    "memoria_inicio": "0.66569519042969 MB",
    "line": 110
}

[2025-09-24 17:28:36] [Server: 127.0.0.1]
Prestamo ID: Banco Sol-102
{
    "title": "Iniciando procesamiento de cliente",
    "numPrestamo": "Banco Sol-102",
    "documento": "9846655",
    "memoria_inicio": "0.66569519042969 MB",
    "line": 110
}

[2025-09-24 17:30:40] [Server: 127.0.0.1]
Prestamo ID: Banco Sol-102
{
    "title": "Iniciando procesamiento de cliente",
    "numPrestamo": "Banco Sol-102",
    "documento": "9846655",
    "memoria_inicio": "0.66574096679688 MB",
    "line": 110
}

[2025-09-24 17:34:17] [Server: 127.0.0.1]
Prestamo ID: bancosol-113
{
    "title": "Iniciando procesamiento de cliente",
    "numPrestamo": "bancosol-113",
    "documento": "7400013",
    "memoria_inicio": "0.66555786132812 MB",
    "line": 110
}

"numPrestamo bancosol-113 en 9.466 segundos"
--------------------------------------------------------------------------------
[2025-09-24 17:41:08] [Server: 127.0.0.1]
Prestamo ID: bancosol-015
{
    "title": "Iniciando procesamiento de cliente",
    "numPrestamo": "bancosol-015",
    "documento": "7400015",
    "memoria_inicio": "0.66555786132812 MB",
    "line": 110
}

"numPrestamo bancosol-015 en 8.643 segundos"
--------------------------------------------------------------------------------
[2025-09-24 17:51:48] [Server: 127.0.0.1]
Prestamo ID: bancosol-016
{
    "title": "Iniciando procesamiento de cliente",
    "numPrestamo": "bancosol-016",
    "documento": "7400016",
    "memoria_inicio": "0.66555786132812 MB",
    "line": 110
}

"numPrestamo bancosol-016 en 11.523 segundos"
--------------------------------------------------------------------------------
[2025-09-24 18:12:04] [Server: 127.0.0.1]
{
    "title": "Iniciando procesamiento de cliente",
    "numPrestamo": "",
    "documento": "11223344",
    "memoria_inicio": "0.65896606445312 MB",
    "line": 110
}

"numPrestamo  en 26.073 segundos"
--------------------------------------------------------------------------------
[2025-09-24 18:15:04] [Server: 127.0.0.1]
Prestamo ID: 999489390
{
    "title": "Iniciando procesamiento de cliente",
    "numPrestamo": "999489390",
    "documento": "22446688",
    "memoria_inicio": "0.65900421142578 MB",
    "line": 110
}

"numPrestamo 999489390 en 21.574 segundos"
--------------------------------------------------------------------------------
[2025-09-24 18:18:04] [Server: 127.0.0.1]
Prestamo ID: BANCOSOL-001
{
    "title": "Iniciando procesamiento de cliente",
    "numPrestamo": "BANCOSOL-001",
    "documento": "33445566",
    "memoria_inicio": "0.65895843505859 MB",
    "line": 110
}

"numPrestamo BANCOSOL-001 en 19.977 segundos"
--------------------------------------------------------------------------------
[2025-09-24 18:21:03] [Server: 127.0.0.1]
{
    "mensaje": "No hay registros para procesar",
    "line": 17
}

[2025-09-24 18:24:03] [Server: 127.0.0.1]
{
    "mensaje": "No hay registros para procesar",
    "line": 17
}

[2025-09-24 18:27:03] [Server: 127.0.0.1]
{
    "mensaje": "No hay registros para procesar",
    "line": 17
}

[2025-09-24 18:30:03] [Server: 127.0.0.1]
{
    "mensaje": "No hay registros para procesar",
    "line": 17
}

[2025-09-24 18:33:03] [Server: 127.0.0.1]
{
    "mensaje": "No hay registros para procesar",
    "line": 17
}

[2025-09-24 18:36:03] [Server: 127.0.0.1]
{
    "mensaje": "No hay registros para procesar",
    "line": 17
}

[2025-09-24 18:39:03] [Server: 127.0.0.1]
{
    "mensaje": "No hay registros para procesar",
    "line": 17
}

[2025-09-24 18:42:03] [Server: 127.0.0.1]
{
    "mensaje": "No hay registros para procesar",
    "line": 17
}

[2025-09-24 18:45:03] [Server: 127.0.0.1]
{
    "mensaje": "No hay registros para procesar",
    "line": 17
}

[2025-09-24 18:48:03] [Server: 127.0.0.1]
{
    "mensaje": "No hay registros para procesar",
    "line": 17
}

[2025-09-24 18:51:03] [Server: 127.0.0.1]
{
    "mensaje": "No hay registros para procesar",
    "line": 17
}

[2025-09-24 18:54:03] [Server: 127.0.0.1]
{
    "mensaje": "No hay registros para procesar",
    "line": 17
}

[2025-09-24 18:57:03] [Server: 127.0.0.1]
{
    "mensaje": "No hay registros para procesar",
    "line": 17
}

[2025-09-24 19:00:04] [Server: 127.0.0.1]
Prestamo ID: sol-100
{
    "title": "Iniciando procesamiento de cliente",
    "numPrestamo": "sol-100",
    "documento": "100001",
    "memoria_inicio": "0.65891265869141 MB",
    "line": 110
}

"numPrestamo sol-100 en 18.771 segundos"
--------------------------------------------------------------------------------
[2025-09-24 19:02:36] [Server: 127.0.0.1]
Prestamo ID: sol-100
{
    "title": "Iniciando procesamiento de cliente",
    "numPrestamo": "sol-100",
    "documento": "199001",
    "memoria_inicio": "0.66574859619141 MB",
    "line": 110
}

[2025-09-24 19:03:03] [Server: 127.0.0.1]
{
    "mensaje": "No hay registros para procesar",
    "line": 17
}

[2025-09-24 19:04:13] [Server: 127.0.0.1]
Prestamo ID: sol-100
{
    "title": "Iniciando procesamiento de cliente",
    "numPrestamo": "sol-100",
    "documento": "199001",
    "memoria_inicio": "0.66574859619141 MB",
    "line": 110
}

[2025-09-24 19:04:36] [Server: 127.0.0.1]
{
    "mensaje": "No hay registros para procesar",
    "line": 17
}

[2025-09-24 19:05:57] [Server: 127.0.0.1]
Prestamo ID: sol-100
{
    "title": "Iniciando procesamiento de cliente",
    "numPrestamo": "sol-100",
    "documento": "199001",
    "memoria_inicio": "0.66509246826172 MB",
    "line": 110
}

[2025-09-24 19:07:05] [Server: 127.0.0.1]
{
    "mensaje": "No hay registros para procesar",
    "line": 17
}

[2025-09-24 19:07:47] [Server: 127.0.0.1]
{
    "mensaje": "No hay registros para procesar",
    "line": 17
}

[2025-09-24 19:08:22] [Server: 127.0.0.1]
Prestamo ID: sol-100
{
    "title": "Iniciando procesamiento de cliente",
    "numPrestamo": "sol-100",
    "documento": "199001",
    "memoria_inicio": "0.66518402099609 MB",
    "line": 110
}

[2025-09-24 19:17:23] [Server: 127.0.0.1]
Prestamo ID: sol-100
{
    "title": "Iniciando procesamiento de cliente",
    "numPrestamo": "sol-100",
    "documento": "199001",
    "memoria_inicio": "0.66513824462891 MB",
    "line": 110
}

[2025-09-24 19:18:31] [Server: 127.0.0.1]
Prestamo ID: sol-100
{
    "title": "Iniciando procesamiento de cliente",
    "numPrestamo": "sol-100",
    "documento": "199001",
    "memoria_inicio": "0.66518402099609 MB",
    "line": 110
}

[2025-09-24 19:19:09] [Server: 127.0.0.1]
Prestamo ID: sol-100
{
    "title": "Iniciando procesamiento de cliente",
    "numPrestamo": "sol-100",
    "documento": "199001",
    "memoria_inicio": "0.66513824462891 MB",
    "line": 110
}

[2025-09-24 19:20:26] [Server: 127.0.0.1]
Prestamo ID: sol-100
{
    "title": "Iniciando procesamiento de cliente",
    "numPrestamo": "sol-100",
    "documento": "199001",
    "memoria_inicio": "0.66513824462891 MB",
    "line": 110
}

[2025-09-24 19:20:53] [Server: 127.0.0.1]
Prestamo ID: sol-100
{
    "title": "Iniciando procesamiento de cliente",
    "numPrestamo": "sol-100",
    "documento": "199001",
    "memoria_inicio": "0.66513824462891 MB",
    "line": 110
}

"numPrestamo sol-100 en 15.892 segundos"
--------------------------------------------------------------------------------
[2025-09-24 19:23:05] [Server: 127.0.0.1]
Prestamo ID: sol-002
{
    "title": "Iniciando procesamiento de cliente",
    "numPrestamo": "sol-002",
    "documento": "199002",
    "memoria_inicio": "0.65941619873047 MB",
    "line": 110
}

"numPrestamo sol-002 en 20.097 segundos"
--------------------------------------------------------------------------------
[2025-09-24 19:27:04] [Server: 127.0.0.1]
{
    "title": "Iniciando procesamiento de cliente",
    "numPrestamo": "",
    "documento": "99112233",
    "memoria_inicio": "0.65898132324219 MB",
    "line": 110
}

"numPrestamo  en 17.935 segundos"
--------------------------------------------------------------------------------
[2025-09-24 19:30:04] [Server: 127.0.0.1]
Prestamo ID: 99223344
{
    "title": "Iniciando procesamiento de cliente",
    "numPrestamo": "99223344",
    "documento": "99223344",
    "memoria_inicio": "0.65901947021484 MB",
    "line": 110
}

"numPrestamo 99223344 en 18.041 segundos"
--------------------------------------------------------------------------------
[2025-09-24 19:33:05] [Server: 127.0.0.1]
Prestamo ID: BANCOSOL-002
{
    "title": "Iniciando procesamiento de cliente",
    "numPrestamo": "BANCOSOL-002",
    "documento": "99334455",
    "memoria_inicio": "0.65898132324219 MB",
    "line": 110
}

"numPrestamo BANCOSOL-002 en 18.481 segundos"
--------------------------------------------------------------------------------
[2025-09-24 19:36:03] [Server: 127.0.0.1]
{
    "mensaje": "No hay registros para procesar",
    "line": 17
}

[2025-09-24 19:37:28] [Server: 127.0.0.1]
Prestamo ID: bacosolo1010
{
    "title": "Iniciando procesamiento de cliente",
    "numPrestamo": "bacosolo1010",
    "documento": "199003",
    "memoria_inicio": "0.659423828125 MB",
    "line": 110
}

"numPrestamo bacosolo1010 en 19.328 segundos"
--------------------------------------------------------------------------------
[2025-09-24 19:39:03] [Server: 127.0.0.1]
{
    "mensaje": "No hay registros para procesar",
    "line": 17
}

[2025-09-24 19:42:03] [Server: 127.0.0.1]
{
    "mensaje": "No hay registros para procesar",
    "line": 17
}

[2025-09-25 10:12:11] [Server: 127.0.0.1]
Prestamo ID: BANCOSOL-007
{
    "title": "Iniciando procesamiento de cliente",
    "numPrestamo": "BANCOSOL-007",
    "documento": "777333987",
    "memoria_inicio": "0.66239929199219 MB",
    "line": 110
}

"numPrestamo BANCOSOL-007 en 35.034 segundos"
--------------------------------------------------------------------------------
[2025-09-25 10:12:46] [Server: 127.0.0.1]
Prestamo ID: BANCOSOL-008
{
    "title": "Iniciando procesamiento de cliente",
    "numPrestamo": "BANCOSOL-008",
    "documento": "777888999",
    "memoria_inicio": "0.70043182373047 MB",
    "line": 110
}

"numPrestamo BANCOSOL-008 en 18.958 segundos"
--------------------------------------------------------------------------------
[2025-09-25 10:15:04] [Server: 127.0.0.1]
Prestamo ID: BANCOSOL-006
{
    "title": "Iniciando procesamiento de cliente",
    "numPrestamo": "BANCOSOL-006",
    "documento": "666555111",
    "memoria_inicio": "0.65897369384766 MB",
    "line": 110
}

"numPrestamo BANCOSOL-006 en 23.843 segundos"
--------------------------------------------------------------------------------
[2025-09-25 10:18:03] [Server: 127.0.0.1]
{
    "mensaje": "No hay registros para procesar",
    "line": 17
}

[2025-09-25 10:21:04] [Server: 127.0.0.1]
Prestamo ID: BANCOSOL-005
{
    "title": "Iniciando procesamiento de cliente",
    "numPrestamo": "BANCOSOL-005",
    "documento": "333111888",
    "memoria_inicio": "0.65898132324219 MB",
    "line": 110
}

"numPrestamo BANCOSOL-005 en 20.739 segundos"
--------------------------------------------------------------------------------
[2025-09-25 10:24:04] [Server: 127.0.0.1]
Prestamo ID: BANCOSOL-004
{
    "title": "Iniciando procesamiento de cliente",
    "numPrestamo": "BANCOSOL-004",
    "documento": "333222989",
    "memoria_inicio": "0.65898132324219 MB",
    "line": 110
}

"numPrestamo BANCOSOL-004 en 20.700 segundos"
--------------------------------------------------------------------------------
[2025-09-25 10:27:05] [Server: 127.0.0.1]
Prestamo ID: BANCOSOL-003
{
    "title": "Iniciando procesamiento de cliente",
    "numPrestamo": "BANCOSOL-003",
    "documento": "8258553",
    "memoria_inicio": "0.65896606445312 MB",
    "line": 110
}

"numPrestamo BANCOSOL-003 en 18.350 segundos"
--------------------------------------------------------------------------------
[2025-09-25 10:30:04] [Server: 127.0.0.1]
Prestamo ID: BANCOSOL-002
{
    "title": "Iniciando procesamiento de cliente",
    "numPrestamo": "BANCOSOL-002",
    "documento": "555222741",
    "memoria_inicio": "0.66239929199219 MB",
    "line": 110
}

"numPrestamo BANCOSOL-002 en 19.714 segundos"
--------------------------------------------------------------------------------
[2025-09-25 10:30:24] [Server: 127.0.0.1]
Prestamo ID: BANCOSOL-001
{
    "title": "Iniciando procesamiento de cliente",
    "numPrestamo": "BANCOSOL-001",
    "documento": "555222742",
    "memoria_inicio": "0.70043182373047 MB",
    "line": 110
}

"numPrestamo BANCOSOL-001 en 14.482 segundos"
--------------------------------------------------------------------------------
[2025-09-25 10:33:03] [Server: 127.0.0.1]
{
    "mensaje": "No hay registros para procesar",
    "line": 17
}

[2025-09-25 10:36:03] [Server: 127.0.0.1]
{
    "mensaje": "No hay registros para procesar",
    "line": 17
}

[2025-09-25 10:39:05] [Server: 127.0.0.1]
Prestamo ID: BANCOSOL-008
{
    "title": "Iniciando procesamiento de cliente",
    "numPrestamo": "BANCOSOL-008",
    "documento": "777888999",
    "memoria_inicio": "0.66248321533203 MB",
    "line": 110
}

"numPrestamo BANCOSOL-008 en 18.433 segundos"
--------------------------------------------------------------------------------
[2025-09-25 10:39:23] [Server: 127.0.0.1]
Prestamo ID: BANCOSOL-001
{
    "title": "Iniciando procesamiento de cliente",
    "numPrestamo": "BANCOSOL-001",
    "documento": "555222742",
    "memoria_inicio": "0.69068908691406 MB",
    "line": 110
}

"numPrestamo BANCOSOL-001 en 15.190 segundos"
--------------------------------------------------------------------------------
[2025-09-25 10:42:04] [Server: 127.0.0.1]
Prestamo ID: BANCOSOL-001
{
    "title": "Iniciando procesamiento de cliente",
    "numPrestamo": "BANCOSOL-001",
    "documento": "555222742",
    "memoria_inicio": "0.65901947021484 MB",
    "line": 110
}

"numPrestamo BANCOSOL-001 en 17.529 segundos"
--------------------------------------------------------------------------------
[2025-09-25 10:45:03] [Server: 127.0.0.1]
{
    "mensaje": "No hay registros para procesar",
    "line": 17
}

[2025-09-25 12:49:42] [Server: 127.0.0.1]
Prestamo ID: sol901
{
    "title": "Iniciando procesamiento de cliente",
    "numPrestamo": "sol901",
    "documento": "900123",
    "memoria_inicio": "0.6622314453125 MB",
    "line": 110
}

"numPrestamo sol901 en 25.223 segundos"
--------------------------------------------------------------------------------
[2025-09-25 12:50:07] [Server: 127.0.0.1]
Prestamo ID: sol109
{
    "title": "Iniciando procesamiento de cliente",
    "numPrestamo": "sol109",
    "documento": "900124",
    "memoria_inicio": "0.6961669921875 MB",
    "line": 110
}

"numPrestamo sol109 en 13.142 segundos"
--------------------------------------------------------------------------------
[2025-09-25 12:53:39] [Server: 127.0.0.1]
Prestamo ID: sol377
{
    "title": "Iniciando procesamiento de cliente",
    "numPrestamo": "sol377",
    "documento": "450377",
    "memoria_inicio": "0.66221618652344 MB",
    "line": 110
}

"numPrestamo sol377 en 18.376 segundos"
--------------------------------------------------------------------------------
[2025-09-25 12:53:58] [Server: 127.0.0.1]
Prestamo ID: sol378
{
    "title": "Iniciando procesamiento de cliente",
    "numPrestamo": "sol378",
    "documento": "9450378",
    "memoria_inicio": "0.69615173339844 MB",
    "line": 110
}

"numPrestamo sol378 en 12.079 segundos"
--------------------------------------------------------------------------------
